<?xml version="1.0" encoding="UTF-8"?>
<!-- Generated by org.testng.reporters.JUnitXMLReporter -->
<testsuite ignored="0" hostname="DESKTOP-BNKUHHL" failures="0" tests="3" name="ChooseProductTest" time="29.37" errors="0" timestamp="2021-06-24T16:44:48 IST">
  <testcase classname="com.testcases.LoginPageTest" name="logintest" time="1.086"/>
  <testcase classname="com.testcases.HomePageTest" name="chooseproduct" time="0.714"/>
  <testcase classname="com.testcases.ProductTest" name="addproducttocart" time="0.175"/>
</testsuite> <!-- ChooseProductTest -->
