<?xml version="1.0" encoding="UTF-8"?>
<testng-results ignored="0" total="3" passed="3" failed="0" skipped="0">
  <reporter-output>
  </reporter-output>
  <suite started-at="2021-06-24T16:44:18 IST" name="ChooseProductSuite" finished-at="2021-06-24T16:44:48 IST" duration-ms="29370">
    <groups>
    </groups>
    <test started-at="2021-06-24T16:44:18 IST" name="ChooseProductTest" finished-at="2021-06-24T16:44:48 IST" duration-ms="29370">
      <class name="com.testcases.LoginPageTest">
        <test-method is-config="true" signature="setup()[pri:0, instance:com.testcases.LoginPageTest@3541cb24]" started-at="2021-06-24T16:44:18 IST" name="setup" finished-at="2021-06-24T16:44:34 IST" duration-ms="15895" status="PASS">
          <reporter-output>
          </reporter-output>
        </test-method> <!-- setup -->
        <test-method signature="logintest()[pri:0, instance:com.testcases.LoginPageTest@3541cb24]" started-at="2021-06-24T16:44:34 IST" name="logintest" finished-at="2021-06-24T16:44:35 IST" duration-ms="1086" status="PASS">
          <reporter-output>
          </reporter-output>
        </test-method> <!-- logintest -->
        <test-method is-config="true" signature="close()[pri:0, instance:com.testcases.LoginPageTest@3541cb24]" started-at="2021-06-24T16:44:35 IST" name="close" finished-at="2021-06-24T16:44:37 IST" duration-ms="1133" status="PASS">
          <reporter-output>
          </reporter-output>
        </test-method> <!-- close -->
      </class> <!-- com.testcases.LoginPageTest -->
      <class name="com.testcases.HomePageTest">
        <test-method is-config="true" signature="setup()[pri:0, instance:com.testcases.HomePageTest@41fecb8b]" started-at="2021-06-24T16:44:37 IST" name="setup" finished-at="2021-06-24T16:44:42 IST" duration-ms="5506" status="PASS">
          <reporter-output>
          </reporter-output>
        </test-method> <!-- setup -->
        <test-method signature="chooseproduct()[pri:0, instance:com.testcases.HomePageTest@41fecb8b]" started-at="2021-06-24T16:44:42 IST" name="chooseproduct" finished-at="2021-06-24T16:44:43 IST" duration-ms="714" status="PASS">
          <reporter-output>
          </reporter-output>
        </test-method> <!-- chooseproduct -->
        <test-method is-config="true" signature="close()[pri:0, instance:com.testcases.HomePageTest@41fecb8b]" started-at="2021-06-24T16:44:43 IST" name="close" finished-at="2021-06-24T16:44:43 IST" duration-ms="386" status="PASS">
          <reporter-output>
          </reporter-output>
        </test-method> <!-- close -->
      </class> <!-- com.testcases.HomePageTest -->
      <class name="com.testcases.ProductTest">
        <test-method is-config="true" signature="setup()[pri:0, instance:com.testcases.ProductTest@120f102b]" started-at="2021-06-24T16:44:43 IST" name="setup" finished-at="2021-06-24T16:44:47 IST" duration-ms="4225" status="PASS">
          <reporter-output>
          </reporter-output>
        </test-method> <!-- setup -->
        <test-method signature="addproducttocart()[pri:0, instance:com.testcases.ProductTest@120f102b]" started-at="2021-06-24T16:44:47 IST" name="addproducttocart" finished-at="2021-06-24T16:44:48 IST" duration-ms="175" status="PASS">
          <reporter-output>
          </reporter-output>
        </test-method> <!-- addproducttocart -->
        <test-method is-config="true" signature="close()[pri:0, instance:com.testcases.ProductTest@120f102b]" started-at="2021-06-24T16:44:48 IST" name="close" finished-at="2021-06-24T16:44:48 IST" duration-ms="187" status="PASS">
          <reporter-output>
          </reporter-output>
        </test-method> <!-- close -->
      </class> <!-- com.testcases.ProductTest -->
    </test> <!-- ChooseProductTest -->
  </suite> <!-- ChooseProductSuite -->
</testng-results>
