<?xml version="1.0" encoding="UTF-8"?>
<testsuite xmlns:xsi="http://www.w3.org/2001/XMLSchema-instance" xsi:noNamespaceSchemaLocation="https://maven.apache.org/surefire/maven-surefire-plugin/xsd/surefire-test-report-3.0.xsd" version="3.0" name="TestSuite" time="30.371" tests="3" errors="0" skipped="0" failures="0">
  <properties>
[...]
</properties>
  <testcase name="logintest" classname="com.testcases.LoginPageTest" time="1.069">
    <system-out><![CDATA[06-24-2021 16:44:34 LoginPage.java INFO  [main] pages.LoginPage 30 - Entering username and password
06-24-2021 16:44:34 LoginPage.java ERROR [main] pages.LoginPage 31 - error message
06-24-2021 16:44:34 LoginPage.java DEBUG [main] pages.LoginPage 32 - debug message
06-24-2021 16:44:34 LoginPage.java WARN  [main] pages.LoginPage 33 - warn message
06-24-2021 16:44:34 LoginPage.java FATAL [main] pages.LoginPage 34 - fatal message
]]></system-out>
    <system-err><![CDATA[SLF4J: Failed to load class "org.slf4j.impl.StaticLoggerBinder".
SLF4J: Defaulting to no-operation (NOP) logger implementation
SLF4J: See http://www.slf4j.org/codes.html#StaticLoggerBinder for further details.
Starting ChromeDriver 91.0.4472.101 (af52a90bf87030dd1523486a1cd3ae25c5d76c9b-refs/branch-heads/4472@{#1462}) on port 37895
Only local connections are allowed.
Please see https://chromedriver.chromium.org/security-considerations for suggestions on keeping ChromeDriver safe.
ChromeDriver was started successfully.
Jun 24, 2021 4:44:31 PM org.openqa.selenium.remote.ProtocolHandshake createSession
INFO: Detected dialect: W3C
]]></system-err>
  </testcase>
  <testcase name="chooseproduct" classname="com.testcases.HomePageTest" time="0.572">
    <system-out><![CDATA[06-24-2021 16:44:42 LoginPage.java INFO  [main] pages.LoginPage 30 - Entering username and password
06-24-2021 16:44:42 LoginPage.java ERROR [main] pages.LoginPage 31 - error message
06-24-2021 16:44:42 LoginPage.java DEBUG [main] pages.LoginPage 32 - debug message
06-24-2021 16:44:42 LoginPage.java WARN  [main] pages.LoginPage 33 - warn message
06-24-2021 16:44:42 LoginPage.java FATAL [main] pages.LoginPage 34 - fatal message
]]></system-out>
    <system-err><![CDATA[Starting ChromeDriver 91.0.4472.101 (af52a90bf87030dd1523486a1cd3ae25c5d76c9b-refs/branch-heads/4472@{#1462}) on port 6544
Only local connections are allowed.
Please see https://chromedriver.chromium.org/security-considerations for suggestions on keeping ChromeDriver safe.
ChromeDriver was started successfully.
Jun 24, 2021 4:44:38 PM org.openqa.selenium.remote.ProtocolHandshake createSession
INFO: Detected dialect: W3C
]]></system-err>
  </testcase>
  <testcase name="addproducttocart" classname="com.testcases.ProductTest" time="0.148">
    <system-out><![CDATA[06-24-2021 16:44:47 LoginPage.java INFO  [main] pages.LoginPage 30 - Entering username and password
06-24-2021 16:44:47 LoginPage.java ERROR [main] pages.LoginPage 31 - error message
06-24-2021 16:44:47 LoginPage.java DEBUG [main] pages.LoginPage 32 - debug message
06-24-2021 16:44:47 LoginPage.java WARN  [main] pages.LoginPage 33 - warn message
06-24-2021 16:44:47 LoginPage.java FATAL [main] pages.LoginPage 34 - fatal message
]]></system-out>
    <system-err><![CDATA[Starting ChromeDriver 91.0.4472.101 (af52a90bf87030dd1523486a1cd3ae25c5d76c9b-refs/branch-heads/4472@{#1462}) on port 26330
Only local connections are allowed.
Please see https://chromedriver.chromium.org/security-considerations for suggestions on keeping ChromeDriver safe.
ChromeDriver was started successfully.
Jun 24, 2021 4:44:45 PM org.openqa.selenium.remote.ProtocolHandshake createSession
INFO: Detected dialect: W3C
]]></system-err>
  </testcase>
</testsuite>